[06:24:42] [ServerMain/INFO]: Environment: Environment[sessionHost=https://sessionserver.mojang.com, servicesHost=https://api.minecraftservices.com, name=PROD]
[06:24:43] [ServerMain/INFO]: Loaded 1370 recipes
[06:24:43] [ServerMain/INFO]: Loaded 1481 advancements
[06:24:43] [Server thread/INFO]: Starting minecraft server version 1.21.4
[06:24:43] [Server thread/INFO]: Loading properties
[06:24:43] [Server thread/INFO]: Default game type: SURVIVAL
[06:24:43] [Server thread/INFO]: Generating keypair
[06:24:43] [Server thread/INFO]: Starting Minecraft server on *:25565
[06:24:43] [Server thread/INFO]: Using epoll channel type
[06:24:44] [Server thread/WARN]: **** SERVER IS RUNNING IN OFFLINE/INSECURE MODE!
[06:24:44] [Server thread/WARN]: The server will make no attempt to authenticate usernames. Beware.
[06:24:44] [Server thread/WARN]: While this makes the game possible to play without internet access, it also opens up the ability for hackers to connect with any username they choose.
[06:24:44] [Server thread/WARN]: To change this, set "online-mode" to "true" in the server.properties file.
[06:24:44] [Server thread/INFO]: Preparing level "world"
[06:24:44] [Server thread/INFO]: Preparing start region for dimension minecraft:overworld
[06:24:44] [Worker-Main-7/INFO]: Preparing spawn area: 0%
[06:24:44] [Worker-Main-7/INFO]: Preparing spawn area: 0%
[06:24:44] [Server thread/INFO]: Time elapsed: 620 ms
[06:24:44] [Server thread/INFO]: Done (0.776s)! For help, type "help"
[06:24:44] [Server thread/INFO]: Starting remote control listener
[06:24:44] [Server thread/INFO]: Thread RCON Listener started
[06:24:44] [Server thread/INFO]: RCON running on 0.0.0.0:25575
[06:25:39] [Server thread/INFO]: nischaldahal[/172.23.0.1:55062] logged in with entity id 6 at (-600.5, 68.0, 422.5)
[06:25:39] [Server thread/INFO]: nischaldahal joined the game
[06:25:42] [Server thread/INFO]: nischaldahal lost connection: Disconnected
[06:25:42] [Server thread/INFO]: nischaldahal left the game
[06:26:42] [Server thread/INFO]: Server empty for 60 seconds, pausing
[06:41:06] [Server thread/INFO]: nischaldahal[/172.23.0.1:49516] logged in with entity id 119 at (-600.2375859477982, 68.0, 425.8943399639272)
[06:41:06] [Server thread/INFO]: nischaldahal joined the game
[06:41:13] [Server thread/INFO]: nischaldahal lost connection: Disconnected
[06:41:13] [Server thread/INFO]: nischaldahal left the game
[06:42:13] [Server thread/INFO]: Server empty for 60 seconds, pausing
